0 info it worked if it ends with ok
1 verbose cli [ '/usr/local/bin/node', '/usr/local/bin/npm', 'publish' ]
2 info using npm@2.5.1
3 info using node@v0.12.0
4 verbose publish [ '.' ]
5 silly cache add args [ '.', null ]
6 verbose cache add spec .
7 silly cache add parsed spec { raw: '.',
7 silly cache add   scope: null,
7 silly cache add   name: null,
7 silly cache add   rawSpec: '.',
7 silly cache add   spec: '/home/harinath/env/wspace/peers/xpressio',
7 silly cache add   type: 'directory' }
8 verbose addLocalDirectory /home/harinath/.npm/xpressio/1.0.0/package.tgz not in flight; packing
9 verbose tar pack [ '/home/harinath/.npm/xpressio/1.0.0/package.tgz',
9 verbose tar pack   '/home/harinath/env/wspace/peers/xpressio' ]
10 verbose tarball /home/harinath/.npm/xpressio/1.0.0/package.tgz
11 verbose folder /home/harinath/env/wspace/peers/xpressio
12 info prepublish xpressio@1.0.0
13 verbose addLocalTarball adding from inside cache /home/harinath/.npm/xpressio/1.0.0/package.tgz
14 silly cache afterAdd xpressio@1.0.0
15 verbose afterAdd /home/harinath/.npm/xpressio/1.0.0/package/package.json not in flight; writing
16 verbose afterAdd /home/harinath/.npm/xpressio/1.0.0/package/package.json written
17 silly publish { name: 'xpressio',
17 silly publish   version: '1.0.0',
17 silly publish   description: 'Connect module for SOCKETIO and EXPRESSJS',
17 silly publish   main: 'index.js',
17 silly publish   scripts: { test: 'echo "Error: no test specified" && exit 1' },
17 silly publish   author:
17 silly publish    { name: 'Conekt',
17 silly publish      email: 'ioconekt@gmail.com',
17 silly publish      url: 'http://conekt.io/' },
17 silly publish   license: 'MIT',
17 silly publish   dependencies:
17 silly publish    { 'body-parser': '^1.13.1',
17 silly publish      'connect-redis': '^2.1.0',
17 silly publish      cookie: '^0.1.2',
17 silly publish      'cookie-parser': '^1.3.3',
17 silly publish      ejs: '^1.0.0',
17 silly publish      express: '^4.10.7',
17 silly publish      'express-session': '^1.10.0',
17 silly publish      'socket.io': '^1.2.1' },
17 silly publish   devDependencies: {},
17 silly publish   repository: { type: 'git', url: 'git@github.com:harinaths/xpressio.git' },
17 silly publish   keywords: [ 'express', 'socket.io', 'session', 'store' ],
17 silly publish   bugs: { url: 'https://github.com/harinaths/xpressio/issues' },
17 silly publish   homepage: 'https://github.com/harinaths/xpressio',
17 silly publish   readme: 'XPRESSIO\n========\n\nSimple Module to start with ExperssJS and SocketIO with session store.\nRedis server should be running on port 6379\n\n#Basic Config Arguments#\n```\nvar config = {\n                     port: 8966,\n                     viewPath: __dirname + \'/views\', //Template Engine\n                     publicPath: __dirname + \'/public\', //Public Folder (Javascript, CSS)\n                     sessionStore: true,\n                     socketIO: true\n                 }\n```\n\n#HTTP Server#\n```\nvar XPressIO = require(\'xpressio\');\nvar xpress = new XPressIO(config.http).start();\nvar app = xpress.app;\nvar io = xpress.io;\n```\n\n#Emit a message to Client#\n```\nio.to(\'#ClientSessionId\').emit(\'message\', message)\n```\n\n#Emit a message to Room#\n```\nio.to(\'#RoomName\').emit(\'RoomTopic\', message)\n```\n\n',
17 silly publish   readmeFilename: 'README.md',
17 silly publish   gitHead: '97d8fb9ab334f7e94c5b06206e173a9d81e0d842',
17 silly publish   _id: 'xpressio@1.0.0',
17 silly publish   _shasum: 'd8e2c5e9bb97598a770d2dc24d221e87d88eac8f',
17 silly publish   _from: '.' }
18 silly mapToRegistry name xpressio
19 silly mapToRegistry using default registry
20 silly mapToRegistry registry https://registry.npmjs.org/
21 silly mapToRegistry uri https://registry.npmjs.org/xpressio
22 verbose publish registryBase https://registry.npmjs.org/
23 silly publish uploading /home/harinath/.npm/xpressio/1.0.0/package.tgz
24 verbose request uri https://registry.npmjs.org/xpressio
25 verbose request sending authorization for write operation
26 info attempt registry request try #1 at 15:14:22
27 verbose request using bearer token for auth
28 verbose request id 39a887eaf9516e04
29 http request PUT https://registry.npmjs.org/xpressio
30 http 403 https://registry.npmjs.org/xpressio
31 verbose headers { 'content-type': 'application/json',
31 verbose headers   'cache-control': 'max-age=60',
31 verbose headers   'content-length': '95',
31 verbose headers   'accept-ranges': 'bytes',
31 verbose headers   date: 'Tue, 23 Jun 2015 09:44:20 GMT',
31 verbose headers   via: '1.1 varnish',
31 verbose headers   connection: 'keep-alive',
31 verbose headers   'x-served-by': 'cache-sin6920-SIN',
31 verbose headers   'x-cache': 'MISS',
31 verbose headers   'x-cache-hits': '0',
31 verbose headers   'x-timer': 'S1435052658.614094,VS0,VE1894' }
32 verbose request invalidating /home/harinath/.npm/registry.npmjs.org/xpressio on PUT
33 error publish Failed PUT 403
34 verbose stack Error: "You cannot publish over the previously published version 1.0.0." : xpressio
34 verbose stack     at CachingRegistryClient.<anonymous> (/usr/local/lib/node_modules/npm/node_modules/npm-registry-client/lib/request.js:254:14)
34 verbose stack     at Request._callback (/usr/local/lib/node_modules/npm/node_modules/npm-registry-client/lib/request.js:178:14)
34 verbose stack     at Request.self.callback (/usr/local/lib/node_modules/npm/node_modules/request/request.js:344:22)
34 verbose stack     at Request.emit (events.js:110:17)
34 verbose stack     at Request.<anonymous> (/usr/local/lib/node_modules/npm/node_modules/request/request.js:1239:14)
34 verbose stack     at Request.emit (events.js:129:20)
34 verbose stack     at IncomingMessage.<anonymous> (/usr/local/lib/node_modules/npm/node_modules/request/request.js:1187:12)
34 verbose stack     at IncomingMessage.emit (events.js:129:20)
34 verbose stack     at _stream_readable.js:908:16
34 verbose stack     at process._tickCallback (node.js:355:11)
35 verbose statusCode 403
36 verbose pkgid xpressio
37 verbose cwd /home/harinath/env/wspace/peers/xpressio
38 error Linux 3.13.0-24-generic
39 error argv "/usr/local/bin/node" "/usr/local/bin/npm" "publish"
40 error node v0.12.0
41 error npm  v2.5.1
42 error code E403
43 error "You cannot publish over the previously published version 1.0.0." : xpressio
44 error If you need help, you may report this error at:
44 error     <http://github.com/npm/npm/issues>
45 verbose exit [ 1, true ]
